<?xml version="1.0" encoding="UTF-8"?>
<!-- Generated by org.testng.reporters.JUnitXMLReporter -->
<testsuite ignored="0" hostname="DIKSHANT" failures="0" tests="4" name="Default test" time="0.172" errors="0" timestamp="2024-02-27T11:42:40 IST">
  <testcase classname="Axis.a.AnnotationsEg" name="testcase1" time="0.014"/>
  <testcase classname="Axis.a.AnnotationsEg" name="testcase2" time="0.008"/>
  <testcase classname="Axis.a.AnnotationsEg" name="testcase3" time="0.006"/>
  <testcase classname="Axis.a.AnnotationsEg" name="testcase4" time="0.006"/>
</testsuite> <!-- Default test -->
