<?xml version="1.0" encoding="UTF-8"?>
<testng-results ignored="0" total="4" passed="4" failed="0" skipped="0">
  <reporter-output>
  </reporter-output>
  <suite started-at="2024-02-27T11:42:39 IST" name="Default suite" finished-at="2024-02-27T11:42:40 IST" duration-ms="172">
    <groups>
    </groups>
    <test started-at="2024-02-27T11:42:39 IST" name="Default test" finished-at="2024-02-27T11:42:40 IST" duration-ms="172">
      <class name="Axis.a.AnnotationsEg">
        <test-method is-config="true" signature="beforeClass()[pri:0, instance:Axis.a.AnnotationsEg@3e694b3f]" started-at="2024-02-27T11:42:39 IST" name="beforeClass" finished-at="2024-02-27T11:42:39 IST" duration-ms="16" status="PASS">
          <reporter-output>
          </reporter-output>
        </test-method> <!-- beforeClass -->
        <test-method is-config="true" signature="beforeMethod()[pri:0, instance:Axis.a.AnnotationsEg@3e694b3f]" started-at="2024-02-27T11:42:39 IST" name="beforeMethod" finished-at="2024-02-27T11:42:39 IST" duration-ms="1" status="PASS">
          <reporter-output>
          </reporter-output>
        </test-method> <!-- beforeMethod -->
        <test-method signature="testcase1()[pri:0, instance:Axis.a.AnnotationsEg@3e694b3f]" started-at="2024-02-27T11:42:39 IST" name="testcase1" finished-at="2024-02-27T11:42:39 IST" duration-ms="14" status="PASS">
          <reporter-output>
          </reporter-output>
        </test-method> <!-- testcase1 -->
        <test-method is-config="true" signature="afterMethod()[pri:0, instance:Axis.a.AnnotationsEg@3e694b3f]" started-at="2024-02-27T11:42:40 IST" name="afterMethod" finished-at="2024-02-27T11:42:40 IST" duration-ms="1" status="PASS">
          <reporter-output>
          </reporter-output>
        </test-method> <!-- afterMethod -->
        <test-method is-config="true" signature="beforeMethod()[pri:0, instance:Axis.a.AnnotationsEg@3e694b3f]" started-at="2024-02-27T11:42:40 IST" name="beforeMethod" finished-at="2024-02-27T11:42:40 IST" duration-ms="1" status="PASS">
          <reporter-output>
          </reporter-output>
        </test-method> <!-- beforeMethod -->
        <test-method signature="testcase2()[pri:0, instance:Axis.a.AnnotationsEg@3e694b3f]" started-at="2024-02-27T11:42:40 IST" name="testcase2" finished-at="2024-02-27T11:42:40 IST" duration-ms="8" status="PASS">
          <reporter-output>
          </reporter-output>
        </test-method> <!-- testcase2 -->
        <test-method is-config="true" signature="afterMethod()[pri:0, instance:Axis.a.AnnotationsEg@3e694b3f]" started-at="2024-02-27T11:42:40 IST" name="afterMethod" finished-at="2024-02-27T11:42:40 IST" duration-ms="1" status="PASS">
          <reporter-output>
          </reporter-output>
        </test-method> <!-- afterMethod -->
        <test-method is-config="true" signature="beforeMethod()[pri:0, instance:Axis.a.AnnotationsEg@3e694b3f]" started-at="2024-02-27T11:42:40 IST" name="beforeMethod" finished-at="2024-02-27T11:42:40 IST" duration-ms="3" status="PASS">
          <reporter-output>
          </reporter-output>
        </test-method> <!-- beforeMethod -->
        <test-method signature="testcase3()[pri:0, instance:Axis.a.AnnotationsEg@3e694b3f]" started-at="2024-02-27T11:42:40 IST" name="testcase3" finished-at="2024-02-27T11:42:40 IST" duration-ms="6" status="PASS">
          <reporter-output>
          </reporter-output>
        </test-method> <!-- testcase3 -->
        <test-method is-config="true" signature="afterMethod()[pri:0, instance:Axis.a.AnnotationsEg@3e694b3f]" started-at="2024-02-27T11:42:40 IST" name="afterMethod" finished-at="2024-02-27T11:42:40 IST" duration-ms="1" status="PASS">
          <reporter-output>
          </reporter-output>
        </test-method> <!-- afterMethod -->
        <test-method is-config="true" signature="beforeMethod()[pri:0, instance:Axis.a.AnnotationsEg@3e694b3f]" started-at="2024-02-27T11:42:40 IST" name="beforeMethod" finished-at="2024-02-27T11:42:40 IST" duration-ms="1" status="PASS">
          <reporter-output>
          </reporter-output>
        </test-method> <!-- beforeMethod -->
        <test-method signature="testcase4()[pri:0, instance:Axis.a.AnnotationsEg@3e694b3f]" started-at="2024-02-27T11:42:40 IST" name="testcase4" finished-at="2024-02-27T11:42:40 IST" duration-ms="6" status="PASS">
          <reporter-output>
          </reporter-output>
        </test-method> <!-- testcase4 -->
        <test-method is-config="true" signature="afterMethod()[pri:0, instance:Axis.a.AnnotationsEg@3e694b3f]" started-at="2024-02-27T11:42:40 IST" name="afterMethod" finished-at="2024-02-27T11:42:40 IST" duration-ms="0" status="PASS">
          <reporter-output>
          </reporter-output>
        </test-method> <!-- afterMethod -->
        <test-method is-config="true" signature="afterClass()[pri:0, instance:Axis.a.AnnotationsEg@3e694b3f]" started-at="2024-02-27T11:42:40 IST" name="afterClass" finished-at="2024-02-27T11:42:40 IST" duration-ms="2" status="PASS">
          <reporter-output>
          </reporter-output>
        </test-method> <!-- afterClass -->
      </class> <!-- Axis.a.AnnotationsEg -->
    </test> <!-- Default test -->
  </suite> <!-- Default suite -->
</testng-results>
